<?xml version="1.0" encoding="UTF-8"?>
<!-- Generated by org.testng.reporters.JUnitXMLReporter -->
<testsuite ignored="0" hostname="DESKTOP-8JJHTH4" failures="0" tests="7" name="Default test" time="31.101" errors="0" timestamp="2024-09-13T21:39:47 IST">
  <testcase classname="testngpractice.testngpracticegit.LoginTest" name="loginTest" time="0.732"/>
  <testcase classname="testngpractice.testngpracticegit.LoginTest" name="loginTest" time="0.592"/>
  <testcase classname="testngpractice.testngpracticegit.LoginTest" name="loginTest" time="0.519"/>
  <testcase classname="testngpractice.testngpracticegit.LoginTest" name="loginTest" time="0.62"/>
  <testcase classname="testngpractice.testngpracticegit.LoginTest" name="loginTest" time="0.46"/>
  <testcase classname="testngpractice.testngpracticegit.LoginTest" name="loginTest" time="0.433"/>
  <testcase classname="testngpractice.testngpracticegit.LoginTest" name="loginTest" time="0.491"/>
</testsuite> <!-- Default test -->
