<?xml version="1.0" encoding="UTF-8"?>
<testng-results ignored="0" total="7" passed="7" failed="0" skipped="0">
  <reporter-output>
  </reporter-output>
  <suite started-at="2024-09-13T21:39:16 IST" name="Default suite" finished-at="2024-09-13T21:39:47 IST" duration-ms="31101">
    <groups>
    </groups>
    <test started-at="2024-09-13T21:39:16 IST" name="Default test" finished-at="2024-09-13T21:39:47 IST" duration-ms="31101">
      <class name="testngpractice.testngpracticegit.LoginTest">
        <test-method is-config="true" signature="browserSetup()[pri:0, instance:testngpractice.testngpracticegit.LoginTest@6f03482]" started-at="2024-09-13T21:39:16 IST" name="browserSetup" finished-at="2024-09-13T21:39:20 IST" duration-ms="4224" status="PASS">
          <reporter-output>
          </reporter-output>
        </test-method> <!-- browserSetup -->
        <test-method signature="loginTest(java.lang.String,java.lang.String,java.lang.Boolean)[pri:0, instance:testngpractice.testngpracticegit.LoginTest@6f03482]" started-at="2024-09-13T21:39:20 IST" name="loginTest" data-provider="loginTestData" finished-at="2024-09-13T21:39:21 IST" duration-ms="732" status="PASS">
          <params>
            <param index="0">
              <value>
                <![CDATA[standard_user]]>
              </value>
            </param>
            <param index="1">
              <value>
                <![CDATA[secret_sauce]]>
              </value>
            </param>
            <param index="2">
              <value>
                <![CDATA[true]]>
              </value>
            </param>
          </params>
          <reporter-output>
          </reporter-output>
        </test-method> <!-- loginTest -->
        <test-method is-config="true" signature="closeBrowser()[pri:0, instance:testngpractice.testngpracticegit.LoginTest@6f03482]" started-at="2024-09-13T21:39:21 IST" name="closeBrowser" finished-at="2024-09-13T21:39:21 IST" duration-ms="351" status="PASS">
          <reporter-output>
          </reporter-output>
        </test-method> <!-- closeBrowser -->
        <test-method is-config="true" signature="browserSetup()[pri:0, instance:testngpractice.testngpracticegit.LoginTest@6f03482]" started-at="2024-09-13T21:39:21 IST" name="browserSetup" finished-at="2024-09-13T21:39:24 IST" duration-ms="2942" status="PASS">
          <reporter-output>
          </reporter-output>
        </test-method> <!-- browserSetup -->
        <test-method signature="loginTest(java.lang.String,java.lang.String,java.lang.Boolean)[pri:0, instance:testngpractice.testngpracticegit.LoginTest@6f03482]" started-at="2024-09-13T21:39:24 IST" name="loginTest" data-provider="loginTestData" finished-at="2024-09-13T21:39:25 IST" duration-ms="592" status="PASS">
          <params>
            <param index="0">
              <value>
                <![CDATA[standard_user]]>
              </value>
            </param>
            <param index="1">
              <value>
                <![CDATA[abcd]]>
              </value>
            </param>
            <param index="2">
              <value>
                <![CDATA[false]]>
              </value>
            </param>
          </params>
          <reporter-output>
          </reporter-output>
        </test-method> <!-- loginTest -->
        <test-method is-config="true" signature="closeBrowser()[pri:0, instance:testngpractice.testngpracticegit.LoginTest@6f03482]" started-at="2024-09-13T21:39:25 IST" name="closeBrowser" finished-at="2024-09-13T21:39:25 IST" duration-ms="526" status="PASS">
          <reporter-output>
          </reporter-output>
        </test-method> <!-- closeBrowser -->
        <test-method is-config="true" signature="browserSetup()[pri:0, instance:testngpractice.testngpracticegit.LoginTest@6f03482]" started-at="2024-09-13T21:39:25 IST" name="browserSetup" finished-at="2024-09-13T21:39:28 IST" duration-ms="2939" status="PASS">
          <reporter-output>
          </reporter-output>
        </test-method> <!-- browserSetup -->
        <test-method signature="loginTest(java.lang.String,java.lang.String,java.lang.Boolean)[pri:0, instance:testngpractice.testngpracticegit.LoginTest@6f03482]" started-at="2024-09-13T21:39:28 IST" name="loginTest" data-provider="loginTestData" finished-at="2024-09-13T21:39:29 IST" duration-ms="519" status="PASS">
          <params>
            <param index="0">
              <value>
                <![CDATA[]]>
              </value>
            </param>
            <param index="1">
              <value>
                <![CDATA[]]>
              </value>
            </param>
            <param index="2">
              <value>
                <![CDATA[false]]>
              </value>
            </param>
          </params>
          <reporter-output>
          </reporter-output>
        </test-method> <!-- loginTest -->
        <test-method is-config="true" signature="closeBrowser()[pri:0, instance:testngpractice.testngpracticegit.LoginTest@6f03482]" started-at="2024-09-13T21:39:29 IST" name="closeBrowser" finished-at="2024-09-13T21:39:29 IST" duration-ms="290" status="PASS">
          <reporter-output>
          </reporter-output>
        </test-method> <!-- closeBrowser -->
        <test-method is-config="true" signature="browserSetup()[pri:0, instance:testngpractice.testngpracticegit.LoginTest@6f03482]" started-at="2024-09-13T21:39:29 IST" name="browserSetup" finished-at="2024-09-13T21:39:32 IST" duration-ms="2924" status="PASS">
          <reporter-output>
          </reporter-output>
        </test-method> <!-- browserSetup -->
        <test-method signature="loginTest(java.lang.String,java.lang.String,java.lang.Boolean)[pri:0, instance:testngpractice.testngpracticegit.LoginTest@6f03482]" started-at="2024-09-13T21:39:32 IST" name="loginTest" data-provider="loginTestData" finished-at="2024-09-13T21:39:33 IST" duration-ms="620" status="PASS">
          <params>
            <param index="0">
              <value>
                <![CDATA[abcd]]>
              </value>
            </param>
            <param index="1">
              <value>
                <![CDATA[secret_sauce]]>
              </value>
            </param>
            <param index="2">
              <value>
                <![CDATA[false]]>
              </value>
            </param>
          </params>
          <reporter-output>
          </reporter-output>
        </test-method> <!-- loginTest -->
        <test-method is-config="true" signature="closeBrowser()[pri:0, instance:testngpractice.testngpracticegit.LoginTest@6f03482]" started-at="2024-09-13T21:39:33 IST" name="closeBrowser" finished-at="2024-09-13T21:39:33 IST" duration-ms="320" status="PASS">
          <reporter-output>
          </reporter-output>
        </test-method> <!-- closeBrowser -->
        <test-method is-config="true" signature="browserSetup()[pri:0, instance:testngpractice.testngpracticegit.LoginTest@6f03482]" started-at="2024-09-13T21:39:33 IST" name="browserSetup" finished-at="2024-09-13T21:39:36 IST" duration-ms="3218" status="PASS">
          <reporter-output>
          </reporter-output>
        </test-method> <!-- browserSetup -->
        <test-method signature="loginTest(java.lang.String,java.lang.String,java.lang.Boolean)[pri:0, instance:testngpractice.testngpracticegit.LoginTest@6f03482]" started-at="2024-09-13T21:39:36 IST" name="loginTest" data-provider="loginTestData" finished-at="2024-09-13T21:39:37 IST" duration-ms="460" status="PASS">
          <params>
            <param index="0">
              <value>
                <![CDATA[]]>
              </value>
            </param>
            <param index="1">
              <value>
                <![CDATA[secret_sauce]]>
              </value>
            </param>
            <param index="2">
              <value>
                <![CDATA[false]]>
              </value>
            </param>
          </params>
          <reporter-output>
          </reporter-output>
        </test-method> <!-- loginTest -->
        <test-method is-config="true" signature="closeBrowser()[pri:0, instance:testngpractice.testngpracticegit.LoginTest@6f03482]" started-at="2024-09-13T21:39:37 IST" name="closeBrowser" finished-at="2024-09-13T21:39:37 IST" duration-ms="513" status="PASS">
          <reporter-output>
          </reporter-output>
        </test-method> <!-- closeBrowser -->
        <test-method is-config="true" signature="browserSetup()[pri:0, instance:testngpractice.testngpracticegit.LoginTest@6f03482]" started-at="2024-09-13T21:39:37 IST" name="browserSetup" finished-at="2024-09-13T21:39:41 IST" duration-ms="3386" status="PASS">
          <reporter-output>
          </reporter-output>
        </test-method> <!-- browserSetup -->
        <test-method signature="loginTest(java.lang.String,java.lang.String,java.lang.Boolean)[pri:0, instance:testngpractice.testngpracticegit.LoginTest@6f03482]" started-at="2024-09-13T21:39:41 IST" name="loginTest" data-provider="loginTestData" finished-at="2024-09-13T21:39:41 IST" duration-ms="433" status="PASS">
          <params>
            <param index="0">
              <value>
                <![CDATA[standard_user]]>
              </value>
            </param>
            <param index="1">
              <value>
                <![CDATA[]]>
              </value>
            </param>
            <param index="2">
              <value>
                <![CDATA[false]]>
              </value>
            </param>
          </params>
          <reporter-output>
          </reporter-output>
        </test-method> <!-- loginTest -->
        <test-method is-config="true" signature="closeBrowser()[pri:0, instance:testngpractice.testngpracticegit.LoginTest@6f03482]" started-at="2024-09-13T21:39:41 IST" name="closeBrowser" finished-at="2024-09-13T21:39:43 IST" duration-ms="2237" status="PASS">
          <reporter-output>
          </reporter-output>
        </test-method> <!-- closeBrowser -->
        <test-method is-config="true" signature="browserSetup()[pri:0, instance:testngpractice.testngpracticegit.LoginTest@6f03482]" started-at="2024-09-13T21:39:43 IST" name="browserSetup" finished-at="2024-09-13T21:39:46 IST" duration-ms="2868" status="PASS">
          <reporter-output>
          </reporter-output>
        </test-method> <!-- browserSetup -->
        <test-method signature="loginTest(java.lang.String,java.lang.String,java.lang.Boolean)[pri:0, instance:testngpractice.testngpracticegit.LoginTest@6f03482]" started-at="2024-09-13T21:39:46 IST" name="loginTest" data-provider="loginTestData" finished-at="2024-09-13T21:39:47 IST" duration-ms="491" status="PASS">
          <params>
            <param index="0">
              <value>
                <![CDATA[standard]]>
              </value>
            </param>
            <param index="1">
              <value>
                <![CDATA[abcd]]>
              </value>
            </param>
            <param index="2">
              <value>
                <![CDATA[false]]>
              </value>
            </param>
          </params>
          <reporter-output>
          </reporter-output>
        </test-method> <!-- loginTest -->
        <test-method is-config="true" signature="closeBrowser()[pri:0, instance:testngpractice.testngpracticegit.LoginTest@6f03482]" started-at="2024-09-13T21:39:47 IST" name="closeBrowser" finished-at="2024-09-13T21:39:47 IST" duration-ms="337" status="PASS">
          <reporter-output>
          </reporter-output>
        </test-method> <!-- closeBrowser -->
      </class> <!-- testngpractice.testngpracticegit.LoginTest -->
    </test> <!-- Default test -->
  </suite> <!-- Default suite -->
</testng-results>
